<?xml version="1.0" encoding="UTF-8"?>
<testng-results skipped="0" failed="0" ignored="0" total="1" passed="1">
  <reporter-output>
  </reporter-output>
  <suite name="Default suite" duration-ms="10535" started-at="2020-04-08T06:11:57Z" finished-at="2020-04-08T06:12:07Z">
    <groups>
    </groups>
    <test name="Default test" duration-ms="10535" started-at="2020-04-08T06:11:57Z" finished-at="2020-04-08T06:12:07Z">
      <class name="com.GEC.Excelutility.Test_1">
        <test-method status="PASS" signature="beforeClass()[pri:0, instance:com.GEC.Excelutility.Test_1@2c039ac6]" name="beforeClass" is-config="true" duration-ms="959" started-at="2020-04-08T06:11:57Z" finished-at="2020-04-08T06:11:58Z">
          <reporter-output>
          </reporter-output>
        </test-method> <!-- beforeClass -->
        <test-method status="PASS" signature="testKeys_Chord()[pri:0, instance:com.GEC.Excelutility.Test_1@2c039ac6]" name="testKeys_Chord" duration-ms="9363" started-at="2020-04-08T06:11:58Z" finished-at="2020-04-08T06:12:07Z">
          <reporter-output>
          </reporter-output>
        </test-method> <!-- testKeys_Chord -->
        <test-method status="PASS" signature="afterClass()[pri:0, instance:com.GEC.Excelutility.Test_1@2c039ac6]" name="afterClass" is-config="true" duration-ms="187" started-at="2020-04-08T06:12:07Z" finished-at="2020-04-08T06:12:07Z">
          <reporter-output>
          </reporter-output>
        </test-method> <!-- afterClass -->
      </class> <!-- com.GEC.Excelutility.Test_1 -->
    </test> <!-- Default test -->
  </suite> <!-- Default suite -->
</testng-results>
